<?xml version="1.0" encoding="UTF-8"?>
<!-- Generated by org.testng.reporters.JUnitReportReporter -->
<testsuite name="XYZ.Manager" tests="2" time="7.162" ignored="0" failures="0" timestamp="28 Mar 2019 04:12:57 GMT" skipped="0" hostname="Kruti-PC" errors="0">
  <testcase name="invokeBrowser" time="2.576" classname="XYZ.Manager"/>
  <testcase name="invokeBrowser" time="4.586" classname="XYZ.Manager"/>
</testsuite> <!-- XYZ.Manager -->
