<?xml version="1.0" encoding="UTF-8"?>
<!-- Generated by org.testng.reporters.JUnitReportReporter -->
<testsuite name="XYZ.HomePage" tests="1" time="40.429" ignored="0" failures="0" timestamp="28 Mar 2019 04:12:58 GMT" skipped="0" hostname="Kruti-PC" errors="0">
  <testcase name="invokeBrowser" time="40.429" classname="XYZ.HomePage"/>
</testsuite> <!-- XYZ.HomePage -->
